-------------------------------------------------------------------------------
Test set: com.smile.azxx.service.MailServiceTest
-------------------------------------------------------------------------------
Tests run: 5, Failures: 0, Errors: 3, Skipped: 0, Time elapsed: 74.454 s <<< FAILURE! - in com.smile.azxx.service.MailServiceTest
sendTemplateMail(com.smile.azxx.service.MailServiceTest)  Time elapsed: 0.377 s  <<< ERROR!
org.thymeleaf.exceptions.TemplateInputException: Error resolving template "emailTemplate", template might not exist or might not be accessible by any of the configured Template Resolvers
	at com.smile.azxx.service.MailServiceTest.sendTemplateMail(MailServiceTest.java:59)

sendInlineResourceMail(com.smile.azxx.service.MailServiceTest)  Time elapsed: 18.424 s  <<< ERROR!
org.springframework.mail.MailSendException: 
Failed messages: javax.mail.MessagingException: IOException while sending message;
  nested exception is:
	java.io.FileNotFoundException: C:\Users\summer\Pictures\favicon.png
	at com.smile.azxx.service.MailServiceTest.sendInlineResourceMail(MailServiceTest.java:51)

sendAttachmentsMail(com.smile.azxx.service.MailServiceTest)  Time elapsed: 18.479 s  <<< ERROR!
org.springframework.mail.MailSendException: 
Failed messages: javax.mail.MessagingException: IOException while sending message;
  nested exception is:
	java.io.FileNotFoundException: e:\tmp\application.log
	at com.smile.azxx.service.MailServiceTest.sendAttachmentsMail(MailServiceTest.java:42)

