-------------------------------------------------------------------------------
Test set: com.smile.azxx.web.DbControllerTest
-------------------------------------------------------------------------------
Tests run: 2, Failures: 1, Errors: 0, Skipped: 0, Time elapsed: 4.508 s <<< FAILURE! - in com.smile.azxx.web.DbControllerTest
getDbType(com.smile.azxx.web.DbControllerTest)  Time elapsed: 0.178 s  <<< FAILURE!
java.lang.AssertionError: Status expected:<200> but was:<302>
	at com.smile.azxx.web.DbControllerTest.getDbType(DbControllerTest.java:28)

